src/commands/doctor-completion.ts(7,3): error TS2305: Module '"../cli/completion-cli.js"' has no exported member 'completionCacheExists'.
src/commands/doctor-completion.ts(10,3): error TS2459: Module '"../cli/completion-cli.js"' declares 'resolveCompletionCachePath' locally, but it is not exported.
src/commands/doctor-completion.ts(12,3): error TS2305: Module '"../cli/completion-cli.js"' has no exported member 'usesSlowDynamicCompletion'.
src/wizard/onboarding.finalize.ts(341,36): error TS2304: Cannot find name 'openUrlInBackground'.
ui/src/ui/app-render.ts(124,20): error TS2304: Cannot find name 'normalizeBasePath'.
ui/src/ui/app-render.ts(260,17): error TS2322: Type '(next: string | boolean) => void' is not assignable to type '(next: UiSettings) => void'.
  Types of parameters 'next' and 'next' are incompatible.
    Type 'UiSettings' is not assignable to type 'string | boolean'.
ui/src/ui/app-render.ts(260,83): error TS2345: Argument of type 'string | boolean' is not assignable to parameter of type 'UiSettings'.
  Type 'string' is not assignable to type 'UiSettings'.
ui/src/ui/app-render.ts(261,64): error TS2322: Type 'string | boolean' is not assignable to type 'string'.
  Type 'boolean' is not assignable to type 'string'.
ui/src/ui/app-render.ts(263,19): error TS2322: Type 'string | boolean' is not assignable to type 'string'.
  Type 'boolean' is not assignable to type 'string'.
ui/src/ui/app-render.ts(265,40): error TS2304: Cannot find name 'OpenClawApp'.
ui/src/ui/app-render.ts(268,21): error TS2322: Type 'string | boolean' is not assignable to type 'string'.
  Type 'boolean' is not assignable to type 'string'.
ui/src/ui/app-render.ts(269,21): error TS2322: Type 'string | boolean' is not assignable to type 'string'.
  Type 'boolean' is not assignable to type 'string'.
ui/src/ui/app-render.ts(277,38): error TS2339: Property 'storageCurrentPath' does not exist on type 'AppViewState'.
ui/src/ui/app-render.ts(278,34): error TS2339: Property 'storageNewPath' does not exist on type 'AppViewState'.
ui/src/ui/app-render.ts(279,34): error TS2339: Property 'storageLoading' does not exist on type 'AppViewState'.
ui/src/ui/app-render.ts(280,36): error TS2339: Property 'storageMigrating' does not exist on type 'AppViewState'.
ui/src/ui/app-render.ts(281,32): error TS2339: Property 'storageError' does not exist on type 'AppViewState'.
ui/src/ui/app-render.ts(282,34): error TS2339: Property 'storageSuccess' does not exist on type 'AppViewState'.
ui/src/ui/app-render.ts(283,38): error TS2339: Property 'storageShowBrowser' does not exist on type 'AppViewState'.
ui/src/ui/app-render.ts(284,39): error TS2339: Property 'storageShowBrowser' does not exist on type 'AppViewState'.
ui/src/ui/app-render.ts(286,44): error TS2339: Property 'storageBrowserPath' does not exist on type 'AppViewState'.
ui/src/ui/app-render.ts(287,43): error TS2339: Property 'storageBrowserParent' does not exist on type 'AppViewState'.
ui/src/ui/app-render.ts(288,44): error TS2339: Property 'storageBrowserDirectories' does not exist on type 'AppViewState'.
ui/src/ui/app-render.ts(289,39): error TS2339: Property 'storageBrowserDrives' does not exist on type 'AppViewState'.
ui/src/ui/app-render.ts(290,40): error TS2339: Property 'storageBrowserLoading' does not exist on type 'AppViewState'.
ui/src/ui/app-render.ts(291,38): error TS2339: Property 'storageBrowserError' does not exist on type 'AppViewState'.
ui/src/ui/app-render.ts(293,48): error TS2304: Cannot find name 'OpenClawApp'.
ui/src/ui/app-render.ts(295,48): error TS2304: Cannot find name 'OpenClawApp'.
ui/src/ui/app-render.ts(297,48): error TS2304: Cannot find name 'OpenClawApp'.
ui/src/ui/app-render.ts(300,61): error TS2339: Property 'storageNewPath' does not exist on type 'AppViewState'.
ui/src/ui/app-render.ts(301,56): error TS2304: Cannot find name 'OpenClawApp'.
ui/src/ui/app-render.ts(302,58): error TS2304: Cannot find name 'OpenClawApp'.
ui/src/ui/app-render.ts(304,42): error TS2304: Cannot find name 'OpenClawApp'.
ui/src/ui/app-render.ts(306,42): error TS2304: Cannot find name 'OpenClawApp'.
ui/src/ui/app-render.ts(327,55): error TS2304: Cannot find name 'ConfigUiHints'.
ui/src/ui/app-render.ts(336,17): error TS2322: Type '(path: string, value: any) => void' is not assignable to type '(path: (string | number)[], value: unknown) => void'.
  Types of parameters 'path' and 'path' are incompatible.
    Type '(string | number)[]' is not assignable to type 'string'.
ui/src/ui/app-render.ts(337,74): error TS2345: Argument of type 'string' is not assignable to parameter of type '(string | number)[]'.
ui/src/ui/app-render.ts(344,55): error TS2345: Argument of type 'string' is not assignable to parameter of type 'keyof NostrProfile'.
ui/src/ui/app-render.ts(375,17): error TS2322: Type '(next: string | boolean) => void' is not assignable to type '(next: { activeMinutes: string; limit: string; includeGlobal: boolean; includeUnknown: boolean; }) => void'.
  Types of parameters 'next' and 'next' are incompatible.
    Type '{ activeMinutes: string; limit: string; includeGlobal: boolean; includeUnknown: boolean; }' is not assignable to type 'string | boolean'.
ui/src/ui/app-render.ts(376,53): error TS2339: Property 'activeMinutes' does not exist on type 'string | boolean'.
  Property 'activeMinutes' does not exist on type 'string'.
ui/src/ui/app-render.ts(377,52): error TS2339: Property 'limit' does not exist on type 'string | boolean'.
  Property 'limit' does not exist on type 'string'.
ui/src/ui/app-render.ts(378,54): error TS2339: Property 'includeGlobal' does not exist on type 'string | boolean'.
  Property 'includeGlobal' does not exist on type 'string'.
ui/src/ui/app-render.ts(379,55): error TS2339: Property 'includeUnknown' does not exist on type 'string | boolean'.
  Property 'includeUnknown' does not exist on type 'string'.
ui/src/ui/app-render.ts(619,68): error TS2322: Type 'string | boolean' is not assignable to type 'string'.
  Type 'boolean' is not assignable to type 'string'.
ui/src/ui/app-render.ts(870,40): error TS2339: Property 'workspace' does not exist on type 'GatewayAgentRow'.
ui/src/ui/app-render.ts(882,34): error TS2339: Property 'agents' does not exist on type '{}'.
ui/src/ui/app-render.ts(886,41): error TS2339: Property 'agents' does not exist on type '{}'.
ui/src/ui/app-render.ts(916,42): error TS2339: Property 'agents' does not exist on type '{}'.
ui/src/ui/app-render.ts(981,62): error TS2322: Type 'string | boolean' is not assignable to type 'string'.
  Type 'boolean' is not assignable to type 'string'.
ui/src/ui/app-render.ts(1032,17): error TS2322: Type '(nodeId: string) => void' is not assignable to type '(nodeId: string | null) => void'.
  Types of parameters 'nodeId' and 'nodeId' are incompatible.
    Type 'string | null' is not assignable to type 'string'.
      Type 'null' is not assignable to type 'string'.
ui/src/ui/app-render.ts(1047,17): error TS2322: Type '(agentIndex: number, nodeId: string) => void' is not assignable to type '(agentIndex: number, nodeId: string | null) => void'.
  Types of parameters 'nodeId' and 'nodeId' are incompatible.
    Type 'string | null' is not assignable to type 'string'.
      Type 'null' is not assignable to type 'string'.
ui/src/ui/app-render.ts(1056,17): error TS2322: Type '(kind: string, nodeId: string) => void' is not assignable to type '(kind: "gateway" | "node", nodeId: string | null) => void'.
  Types of parameters 'nodeId' and 'nodeId' are incompatible.
    Type 'string | null' is not assignable to type 'string'.
      Type 'null' is not assignable to type 'string'.
ui/src/ui/app-render.ts(1057,19): error TS2322: Type 'string' is not assignable to type '"gateway" | "node"'.
ui/src/ui/app-render.ts(1067,17): error TS2322: Type '(path: string, value: any) => void' is not assignable to type '(path: (string | number)[], value: unknown) => void'.
  Types of parameters 'path' and 'path' are incompatible.
    Type '(string | number)[]' is not assignable to type 'string'.
ui/src/ui/app-render.ts(1068,55): error TS2345: Argument of type 'string' is not assignable to parameter of type '(string | number)[]'.
ui/src/ui/app-render.ts(1069,17): error TS2322: Type '(path: string) => void' is not assignable to type '(path: (string | number)[]) => void'.
  Types of parameters 'path' and 'path' are incompatible.
    Type '(string | number)[]' is not assignable to type 'string'.
ui/src/ui/app-render.ts(1069,94): error TS2345: Argument of type 'string' is not assignable to parameter of type '(string | number)[]'.
ui/src/ui/app-render.ts(1086,19): error TS2322: Type 'string | boolean' is not assignable to type 'string'.
  Type 'boolean' is not assignable to type 'string'.
ui/src/ui/app-render.ts(1091,40): error TS2304: Cannot find name 'OpenClawApp'.
ui/src/ui/app-render.ts(1093,40): error TS2304: Cannot find name 'OpenClawApp'.
ui/src/ui/app-render.ts(1094,40): error TS2304: Cannot find name 'OpenClawApp'.
ui/src/ui/app-render.ts(1097,21): error TS2322: Type 'string | boolean' is not assignable to type 'string'.
  Type 'boolean' is not assignable to type 'string'.
ui/src/ui/app-render.ts(1098,21): error TS2322: Type 'string | boolean' is not assignable to type 'string'.
  Type 'boolean' is not assignable to type 'string'.
ui/src/ui/app-render.ts(1101,60): error TS2304: Cannot find name 'ChatState'.
ui/src/ui/app-render.ts(1102,62): error TS2304: Cannot find name 'ChatHost'.
ui/src/ui/app-render.ts(1123,57): error TS2304: Cannot find name 'ChatState'.
ui/src/ui/app-render.ts(1124,59): error TS2304: Cannot find name 'ChatHost'.
ui/src/ui/app-render.ts(1137,40): error TS2304: Cannot find name 'OpenClawApp'.
ui/src/ui/app-render.ts(1138,61): error TS2322: Type 'string | boolean' is not assignable to type 'string'.
  Type 'boolean' is not assignable to type 'string'.
ui/src/ui/app-render.ts(1140,17): error TS2322: Type '(next: string | boolean) => string | boolean' is not assignable to type '(attachments: ChatAttachment[]) => void'.
  Types of parameters 'next' and 'attachments' are incompatible.
    Type 'ChatAttachment[]' is not assignable to type 'string | boolean'.
ui/src/ui/app-render.ts(1140,67): error TS2322: Type 'string | boolean' is not assignable to type 'ChatAttachment[]'.
  Type 'string' is not assignable to type 'ChatAttachment[]'.
ui/src/ui/app-render.ts(1141,52): error TS2304: Cannot find name 'OpenClawApp'.
ui/src/ui/app-render.ts(1143,58): error TS2304: Cannot find name 'OpenClawApp'.
ui/src/ui/app-render.ts(1145,40): error TS2304: Cannot find name 'OpenClawApp'.
ui/src/ui/app-render.ts(1147,40): error TS2304: Cannot find name 'OpenClawApp'.
ui/src/ui/app-render.ts(1151,51): error TS2304: Cannot find name 'OpenClawApp'.
ui/src/ui/app-render.ts(1152,54): error TS2304: Cannot find name 'OpenClawApp'.
ui/src/ui/app-render.ts(1153,52): error TS2304: Cannot find name 'OpenClawApp'.
ui/src/ui/app-render.ts(1154,50): error TS2304: Cannot find name 'OpenClawApp'.
ui/src/ui/app-render.ts(1156,40): error TS2304: Cannot find name 'OpenClawApp'.
ui/src/ui/app-render.ts(1157,60): error TS2304: Cannot find name 'OpenClawApp'.
ui/src/ui/app-render.ts(1159,40): error TS2304: Cannot find name 'OpenClawApp'.
ui/src/ui/app-render.ts(1194,49): error TS2304: Cannot find name 'ConfigUiHints'.
ui/src/ui/app-render.ts(1198,51): error TS2304: Cannot find name 'OpenClawApp'.
ui/src/ui/app-render.ts(1199,53): error TS2304: Cannot find name 'OpenClawApp'.
ui/src/ui/app-render.ts(1200,56): error TS2304: Cannot find name 'OpenClawApp'.
ui/src/ui/app-render.ts(1202,19): error TS2322: Type 'string | boolean' is not assignable to type 'string'.
  Type 'boolean' is not assignable to type 'string'.
ui/src/ui/app-render.ts(1205,17): error TS2322: Type '(path: string, value: any) => void' is not assignable to type '(path: (string | number)[], value: unknown) => void'.
  Types of parameters 'path' and 'path' are incompatible.
    Type '(string | number)[]' is not assignable to type 'string'.
ui/src/ui/app-render.ts(1206,61): error TS2304: Cannot find name 'OpenClawApp'.
ui/src/ui/app-render.ts(1206,74): error TS2345: Argument of type 'string' is not assignable to parameter of type '(string | number)[]'.
ui/src/ui/app-render.ts(1208,41): error TS2304: Cannot find name 'OpenClawApp'.
ui/src/ui/app-render.ts(1210,40): error TS2304: Cannot find name 'OpenClawApp'.
ui/src/ui/app-render.ts(1211,40): error TS2304: Cannot find name 'OpenClawApp'.
ui/src/ui/app-render.ts(1214,41): error TS2304: Cannot find name 'OpenClawApp'.
ui/src/ui/app-render.ts(1215,64): error TS2304: Cannot find name 'OpenClawApp'.
ui/src/ui/app-render.ts(1216,62): error TS2304: Cannot find name 'OpenClawApp'.
ui/src/ui/app-render.ts(1217,64): error TS2304: Cannot find name 'OpenClawApp'.
ui/src/ui/app-render.ts(1218,63): error TS2304: Cannot find name 'OpenClawApp'.
ui/src/ui/app-render.ts(1236,66): error TS2322: Type 'string | boolean' is not assignable to type 'string'.
  Type 'boolean' is not assignable to type 'string'.
ui/src/ui/app-render.ts(1237,66): error TS2322: Type 'string | boolean' is not assignable to type 'string'.
  Type 'boolean' is not assignable to type 'string'.
ui/src/ui/app-render.ts(1255,66): error TS2322: Type 'string | boolean' is not assignable to type 'string'.
  Type 'boolean' is not assignable to type 'string'.
ui/src/ui/app-render.ts(1259,66): error TS2322: Type 'string | boolean' is not assignable to type 'boolean'.
  Type 'string' is not assignable to type 'boolean'.
ui/src/ui/app-render.ts(1262,40): error TS2304: Cannot find name 'OpenClawApp'.
ui/src/ui/app-render.ts(1263,64): error TS2304: Cannot find name 'OpenClawApp'.
ui/src/ui/views/channels.ts(23,8): error TS2307: Cannot find module './channels.account-manager' or its corresponding type declarations.
ui/src/ui/views/config-form.node.ts(14,8): error TS2307: Cannot find module './config-form.shared' or its corresponding type declarations.
ui/src/ui/views/config-form.render.ts(12,8): error TS2307: Cannot find module './config-form.shared' or its corresponding type declarations.
ui/src/ui/views/config-form.render.ts(455,21): error TS2339: Property 'properties' does not exist on type '{}'.
ui/src/ui/views/config-form.render.ts(456,21): error TS2339: Property 'properties' does not exist on type '{}'.
ui/src/ui/views/config-form.render.ts(461,31): error TS2339: Property 'properties' does not exist on type '{}'.
ui/src/ui/views/config-form.render.ts(523,30): error TS18046: 'node' is of type 'unknown'.
ui/src/ui/views/config.ts(11,8): error TS2307: Cannot find module './config-form.shared' or its corresponding type declarations.
ui/src/ui/views/config.ts(329,34): error TS18046: 'node' is of type 'unknown'.
ui/src/ui/views/config.ts(330,39): error TS18046: 'node' is of type 'unknown'.
ui/src/ui/views/cron.ts(209,43): error TS2339: Property 'deliver' does not exist on type 'CronFormState'.
ui/src/ui/views/cron.ts(212,25): error TS2353: Object literal may only specify known properties, and 'deliver' does not exist in type 'Partial<CronFormState>'.
ui/src/ui/views/cron.ts(219,42): error TS2339: Property 'channel' does not exist on type 'CronFormState'.
ui/src/ui/views/cron.ts(237,41): error TS2339: Property 'to' does not exist on type 'CronFormState'.
ui/src/ui/views/cron.ts(239,44): error TS2353: Object literal may only specify known properties, and 'to' does not exist in type 'Partial<CronFormState>'.
ui/src/ui/views/cron.ts(259,47): error TS2339: Property 'postToMainPrefix' does not exist on type 'CronFormState'.
ui/src/ui/views/cron.ts(262,31): error TS2353: Object literal may only specify known properties, and 'postToMainPrefix' does not exist in type 'Partial<CronFormState>'.
