src/commands/doctor-completion.ts(7,3): error TS2305: Module '"../cli/completion-cli.js"' has no exported member 'completionCacheExists'.
src/commands/doctor-completion.ts(10,3): error TS2459: Module '"../cli/completion-cli.js"' declares 'resolveCompletionCachePath' locally, but it is not exported.
src/commands/doctor-completion.ts(12,3): error TS2305: Module '"../cli/completion-cli.js"' has no exported member 'usesSlowDynamicCompletion'.
ui/src/ui/app-render.ts(260,17): error TS2322: Type '(next: string | boolean) => void' is not assignable to type '(next: UiSettings) => void'.
  Types of parameters 'next' and 'next' are incompatible.
    Type 'UiSettings' is not assignable to type 'string | boolean'.
ui/src/ui/app-render.ts(260,83): error TS2345: Argument of type 'string | boolean' is not assignable to parameter of type 'UiSettings'.
  Type 'string' is not assignable to type 'UiSettings'.
ui/src/ui/app-render.ts(261,64): error TS2322: Type 'string | boolean' is not assignable to type 'string'.
  Type 'boolean' is not assignable to type 'string'.
ui/src/ui/app-render.ts(263,19): error TS2322: Type 'string | boolean' is not assignable to type 'string'.
  Type 'boolean' is not assignable to type 'string'.
ui/src/ui/app-render.ts(268,21): error TS2322: Type 'string | boolean' is not assignable to type 'string'.
  Type 'boolean' is not assignable to type 'string'.
ui/src/ui/app-render.ts(269,21): error TS2322: Type 'string | boolean' is not assignable to type 'string'.
  Type 'boolean' is not assignable to type 'string'.
ui/src/ui/app-render.ts(277,38): error TS2339: Property 'storageCurrentPath' does not exist on type 'AppViewState'.
ui/src/ui/app-render.ts(278,34): error TS2339: Property 'storageNewPath' does not exist on type 'AppViewState'.
ui/src/ui/app-render.ts(279,34): error TS2339: Property 'storageLoading' does not exist on type 'AppViewState'.
ui/src/ui/app-render.ts(280,36): error TS2339: Property 'storageMigrating' does not exist on type 'AppViewState'.
ui/src/ui/app-render.ts(281,32): error TS2339: Property 'storageError' does not exist on type 'AppViewState'.
ui/src/ui/app-render.ts(282,34): error TS2339: Property 'storageSuccess' does not exist on type 'AppViewState'.
ui/src/ui/app-render.ts(283,38): error TS2339: Property 'storageShowBrowser' does not exist on type 'AppViewState'.
ui/src/ui/app-render.ts(284,39): error TS2339: Property 'storageShowBrowser' does not exist on type 'AppViewState'.
ui/src/ui/app-render.ts(286,44): error TS2339: Property 'storageBrowserPath' does not exist on type 'AppViewState'.
ui/src/ui/app-render.ts(287,43): error TS2339: Property 'storageBrowserParent' does not exist on type 'AppViewState'.
ui/src/ui/app-render.ts(288,44): error TS2339: Property 'storageBrowserDirectories' does not exist on type 'AppViewState'.
ui/src/ui/app-render.ts(289,39): error TS2339: Property 'storageBrowserDrives' does not exist on type 'AppViewState'.
ui/src/ui/app-render.ts(290,40): error TS2339: Property 'storageBrowserLoading' does not exist on type 'AppViewState'.
ui/src/ui/app-render.ts(291,38): error TS2339: Property 'storageBrowserError' does not exist on type 'AppViewState'.
ui/src/ui/app-render.ts(298,61): error TS2339: Property 'storageNewPath' does not exist on type 'AppViewState'.
ui/src/ui/app-render.ts(323,55): error TS2304: Cannot find name 'ConfigUiHints'.
ui/src/ui/app-render.ts(332,17): error TS2322: Type '(path: string, value: any) => void' is not assignable to type '(path: (string | number)[], value: unknown) => void'.
  Types of parameters 'path' and 'path' are incompatible.
    Type '(string | number)[]' is not assignable to type 'string'.
ui/src/ui/app-render.ts(333,55): error TS2345: Argument of type 'string' is not assignable to parameter of type '(string | number)[]'.
ui/src/ui/app-render.ts(340,55): error TS2345: Argument of type 'string' is not assignable to parameter of type 'keyof NostrProfile'.
ui/src/ui/app-render.ts(371,17): error TS2322: Type '(next: string | boolean) => void' is not assignable to type '(next: { activeMinutes: string; limit: string; includeGlobal: boolean; includeUnknown: boolean; }) => void'.
  Types of parameters 'next' and 'next' are incompatible.
    Type '{ activeMinutes: string; limit: string; includeGlobal: boolean; includeUnknown: boolean; }' is not assignable to type 'string | boolean'.
ui/src/ui/app-render.ts(372,53): error TS2339: Property 'activeMinutes' does not exist on type 'string | boolean'.
  Property 'activeMinutes' does not exist on type 'string'.
ui/src/ui/app-render.ts(373,52): error TS2339: Property 'limit' does not exist on type 'string | boolean'.
  Property 'limit' does not exist on type 'string'.
ui/src/ui/app-render.ts(374,54): error TS2339: Property 'includeGlobal' does not exist on type 'string | boolean'.
  Property 'includeGlobal' does not exist on type 'string'.
ui/src/ui/app-render.ts(375,55): error TS2339: Property 'includeUnknown' does not exist on type 'string | boolean'.
  Property 'includeUnknown' does not exist on type 'string'.
ui/src/ui/app-render.ts(597,68): error TS2322: Type 'string | boolean' is not assignable to type 'string'.
  Type 'boolean' is not assignable to type 'string'.
ui/src/ui/app-render.ts(839,40): error TS2339: Property 'workspace' does not exist on type 'GatewayAgentRow'.
ui/src/ui/app-render.ts(851,34): error TS2339: Property 'agents' does not exist on type '{}'.
ui/src/ui/app-render.ts(855,41): error TS2339: Property 'agents' does not exist on type '{}'.
ui/src/ui/app-render.ts(885,42): error TS2339: Property 'agents' does not exist on type '{}'.
ui/src/ui/app-render.ts(950,62): error TS2322: Type 'string | boolean' is not assignable to type 'string'.
  Type 'boolean' is not assignable to type 'string'.
ui/src/ui/app-render.ts(1001,17): error TS2322: Type '(nodeId: string) => void' is not assignable to type '(nodeId: string | null) => void'.
  Types of parameters 'nodeId' and 'nodeId' are incompatible.
    Type 'string | null' is not assignable to type 'string'.
      Type 'null' is not assignable to type 'string'.
ui/src/ui/app-render.ts(1008,17): error TS2322: Type '(agentIndex: number, nodeId: string) => void' is not assignable to type '(agentIndex: number, nodeId: string | null) => void'.
  Types of parameters 'nodeId' and 'nodeId' are incompatible.
    Type 'string | null' is not assignable to type 'string'.
      Type 'null' is not assignable to type 'string'.
ui/src/ui/app-render.ts(1017,17): error TS2322: Type '(kind: string, nodeId: string) => void' is not assignable to type '(kind: "gateway" | "node", nodeId: string | null) => void'.
  Types of parameters 'nodeId' and 'nodeId' are incompatible.
    Type 'string | null' is not assignable to type 'string'.
      Type 'null' is not assignable to type 'string'.
ui/src/ui/app-render.ts(1018,19): error TS2322: Type 'string' is not assignable to type '"gateway" | "node"'.
ui/src/ui/app-render.ts(1028,17): error TS2322: Type '(path: string, value: any) => void' is not assignable to type '(path: (string | number)[], value: unknown) => void'.
  Types of parameters 'path' and 'path' are incompatible.
    Type '(string | number)[]' is not assignable to type 'string'.
ui/src/ui/app-render.ts(1029,55): error TS2345: Argument of type 'string' is not assignable to parameter of type '(string | number)[]'.
ui/src/ui/app-render.ts(1030,17): error TS2322: Type '(path: string) => void' is not assignable to type '(path: (string | number)[]) => void'.
  Types of parameters 'path' and 'path' are incompatible.
    Type '(string | number)[]' is not assignable to type 'string'.
ui/src/ui/app-render.ts(1030,94): error TS2345: Argument of type 'string' is not assignable to parameter of type '(string | number)[]'.
ui/src/ui/app-render.ts(1047,19): error TS2322: Type 'string | boolean' is not assignable to type 'string'.
  Type 'boolean' is not assignable to type 'string'.
ui/src/ui/app-render.ts(1058,21): error TS2322: Type 'string | boolean' is not assignable to type 'string'.
  Type 'boolean' is not assignable to type 'string'.
ui/src/ui/app-render.ts(1059,21): error TS2322: Type 'string | boolean' is not assignable to type 'string'.
  Type 'boolean' is not assignable to type 'string'.
ui/src/ui/app-render.ts(1098,61): error TS2322: Type 'string | boolean' is not assignable to type 'string'.
  Type 'boolean' is not assignable to type 'string'.
ui/src/ui/app-render.ts(1100,17): error TS2322: Type '(next: string | boolean) => string | boolean' is not assignable to type '(attachments: ChatAttachment[]) => void'.
  Types of parameters 'next' and 'attachments' are incompatible.
    Type 'ChatAttachment[]' is not assignable to type 'string | boolean'.
ui/src/ui/app-render.ts(1100,67): error TS2322: Type 'string | boolean' is not assignable to type 'ChatAttachment[]'.
  Type 'string' is not assignable to type 'ChatAttachment[]'.
ui/src/ui/app-render.ts(1150,49): error TS2304: Cannot find name 'ConfigUiHints'.
ui/src/ui/app-render.ts(1158,19): error TS2322: Type 'string | boolean' is not assignable to type 'string'.
  Type 'boolean' is not assignable to type 'string'.
ui/src/ui/app-render.ts(1161,17): error TS2322: Type '(path: string, value: any) => void' is not assignable to type '(path: (string | number)[], value: unknown) => void'.
  Types of parameters 'path' and 'path' are incompatible.
    Type '(string | number)[]' is not assignable to type 'string'.
ui/src/ui/app-render.ts(1162,55): error TS2345: Argument of type 'string' is not assignable to parameter of type '(string | number)[]'.
ui/src/ui/app-render.ts(1191,66): error TS2322: Type 'string | boolean' is not assignable to type 'string'.
  Type 'boolean' is not assignable to type 'string'.
ui/src/ui/app-render.ts(1192,66): error TS2322: Type 'string | boolean' is not assignable to type 'string'.
  Type 'boolean' is not assignable to type 'string'.
ui/src/ui/app-render.ts(1210,66): error TS2322: Type 'string | boolean' is not assignable to type 'string'.
  Type 'boolean' is not assignable to type 'string'.
ui/src/ui/app-render.ts(1214,66): error TS2322: Type 'string | boolean' is not assignable to type 'boolean'.
  Type 'string' is not assignable to type 'boolean'.
ui/src/ui/views/cron.ts(209,43): error TS2339: Property 'deliver' does not exist on type 'CronFormState'.
ui/src/ui/views/cron.ts(212,25): error TS2353: Object literal may only specify known properties, and 'deliver' does not exist in type 'Partial<CronFormState>'.
ui/src/ui/views/cron.ts(219,42): error TS2339: Property 'channel' does not exist on type 'CronFormState'.
ui/src/ui/views/cron.ts(237,41): error TS2339: Property 'to' does not exist on type 'CronFormState'.
ui/src/ui/views/cron.ts(239,44): error TS2353: Object literal may only specify known properties, and 'to' does not exist in type 'Partial<CronFormState>'.
ui/src/ui/views/cron.ts(259,47): error TS2339: Property 'postToMainPrefix' does not exist on type 'CronFormState'.
ui/src/ui/views/cron.ts(262,31): error TS2353: Object literal may only specify known properties, and 'postToMainPrefix' does not exist in type 'Partial<CronFormState>'.
