src/commands/doctor-completion.ts(7,3): error TS2305: Module '"../cli/completion-cli.js"' has no exported member 'completionCacheExists'.
src/commands/doctor-completion.ts(10,3): error TS2459: Module '"../cli/completion-cli.js"' declares 'resolveCompletionCachePath' locally, but it is not exported.
src/commands/doctor-completion.ts(12,3): error TS2305: Module '"../cli/completion-cli.js"' has no exported member 'usesSlowDynamicCompletion'.
ui/src/ui/app-render.ts(6,35): error TS2307: Cannot find module './views/channels.nostr-profile.js' or its corresponding type declarations.
ui/src/ui/app-render.ts(287,19): error TS2322: Type '{ currentPath: string; parentPath: string | null; directories: { name: string; path: string; }[]; drives: string[]; loading: boolean; error: string | null; onNavigate: (path: string) => any; onSelect: (path: string) => any; onCancel: () => any; } | null' is not assignable to type 'StorageBrowserProps | null'.
  Type '{ currentPath: string; parentPath: string | null; directories: { name: string; path: string; }[]; drives: string[]; loading: boolean; error: string | null; onNavigate: (path: string) => any; onSelect: (path: string) => any; onCancel: () => any; }' is not assignable to type 'StorageBrowserProps'.
    Types of property 'drives' are incompatible.
      Type 'string[]' is not assignable to type '{ path: string; label: string; type: string; }[]'.
        Type 'string' is not assignable to type '{ path: string; label: string; type: string; }'.
ui/src/ui/app-render.ts(316,30): error TS2345: Argument of type '{ connected: boolean; loading: boolean; snapshot: ChannelsStatusSnapshot | null; lastError: string | null; lastSuccessAt: number | null; whatsappMessage: string | null; ... 23 more ...; onNostrProfileToggleAdvanced: () => void; }' is not assignable to parameter of type 'ChannelsProps'.
  Type '{ connected: boolean; loading: boolean; snapshot: ChannelsStatusSnapshot | null; lastError: string | null; lastSuccessAt: number | null; whatsappMessage: string | null; ... 23 more ...; onNostrProfileToggleAdvanced: () => void; }' is missing the following properties from type 'ChannelsProps': editingChannelAccount, creatingChannelAccount, deletingChannelAccount, managingChannelId, and 7 more.
ui/src/ui/app-render.ts(346,55): error TS2345: Argument of type 'string | number | symbol' is not assignable to parameter of type 'keyof NostrProfile'.
  Type 'string' is not assignable to type 'keyof NostrProfile'.
ui/src/ui/app-render.ts(608,68): error TS2322: Type 'string | boolean' is not assignable to type 'string'.
  Type 'boolean' is not assignable to type 'string'.
ui/src/ui/app-render.ts(862,34): error TS2339: Property 'agents' does not exist on type '{}'.
ui/src/ui/app-render.ts(866,41): error TS2339: Property 'agents' does not exist on type '{}'.
ui/src/ui/app-render.ts(896,42): error TS2339: Property 'agents' does not exist on type '{}'.
ui/src/ui/app-render.ts(961,62): error TS2322: Type 'string | boolean' is not assignable to type 'string'.
  Type 'boolean' is not assignable to type 'string'.
ui/src/ui/app-render.ts(1012,17): error TS2322: Type '(nodeId: string) => void' is not assignable to type '(nodeId: string | null) => void'.
  Types of parameters 'nodeId' and 'nodeId' are incompatible.
    Type 'string | null' is not assignable to type 'string'.
      Type 'null' is not assignable to type 'string'.
ui/src/ui/app-render.ts(1019,17): error TS2322: Type '(agentIndex: number, nodeId: string) => void' is not assignable to type '(agentIndex: number, nodeId: string | null) => void'.
  Types of parameters 'nodeId' and 'nodeId' are incompatible.
    Type 'string | null' is not assignable to type 'string'.
      Type 'null' is not assignable to type 'string'.
ui/src/ui/app-render.ts(1028,17): error TS2322: Type '(kind: string, nodeId: string) => void' is not assignable to type '(kind: "gateway" | "node", nodeId: string | null) => void'.
  Types of parameters 'nodeId' and 'nodeId' are incompatible.
    Type 'string | null' is not assignable to type 'string'.
      Type 'null' is not assignable to type 'string'.
ui/src/ui/app-render.ts(1029,19): error TS2322: Type 'string' is not assignable to type '"gateway" | "node"'.
ui/src/ui/app-render.ts(1039,17): error TS2322: Type '(path: string, value: any) => void' is not assignable to type '(path: (string | number)[], value: unknown) => void'.
  Types of parameters 'path' and 'path' are incompatible.
    Type '(string | number)[]' is not assignable to type 'string'.
ui/src/ui/app-render.ts(1040,55): error TS2345: Argument of type 'string' is not assignable to parameter of type '(string | number)[]'.
ui/src/ui/app-render.ts(1041,17): error TS2322: Type '(path: string) => void' is not assignable to type '(path: (string | number)[]) => void'.
  Types of parameters 'path' and 'path' are incompatible.
    Type '(string | number)[]' is not assignable to type 'string'.
ui/src/ui/app-render.ts(1041,94): error TS2345: Argument of type 'string' is not assignable to parameter of type '(string | number)[]'.
ui/src/ui/app-render.ts(1058,19): error TS2322: Type 'string | boolean' is not assignable to type 'string'.
  Type 'boolean' is not assignable to type 'string'.
ui/src/ui/app-render.ts(1069,21): error TS2322: Type 'string | boolean' is not assignable to type 'string'.
  Type 'boolean' is not assignable to type 'string'.
ui/src/ui/app-render.ts(1070,21): error TS2322: Type 'string | boolean' is not assignable to type 'string'.
  Type 'boolean' is not assignable to type 'string'.
ui/src/ui/app-render.ts(1109,61): error TS2322: Type 'string | boolean' is not assignable to type 'string'.
  Type 'boolean' is not assignable to type 'string'.
ui/src/ui/app-render.ts(1111,17): error TS2322: Type '(next: string | boolean) => string | boolean' is not assignable to type '(attachments: ChatAttachment[]) => void'.
  Types of parameters 'next' and 'attachments' are incompatible.
    Type 'ChatAttachment[]' is not assignable to type 'string | boolean'.
ui/src/ui/app-render.ts(1111,67): error TS2322: Type 'string | boolean' is not assignable to type 'ChatAttachment[]'.
  Type 'string' is not assignable to type 'ChatAttachment[]'.
ui/src/ui/app-render.ts(1169,19): error TS2322: Type 'string | boolean' is not assignable to type 'string'.
  Type 'boolean' is not assignable to type 'string'.
ui/src/ui/app-render.ts(1172,17): error TS2322: Type '(path: string, value: any) => void' is not assignable to type '(path: (string | number)[], value: unknown) => void'.
  Types of parameters 'path' and 'path' are incompatible.
    Type '(string | number)[]' is not assignable to type 'string'.
ui/src/ui/app-render.ts(1173,55): error TS2345: Argument of type 'string' is not assignable to parameter of type '(string | number)[]'.
ui/src/ui/app-render.ts(1202,66): error TS2322: Type 'string | boolean' is not assignable to type 'string'.
  Type 'boolean' is not assignable to type 'string'.
ui/src/ui/app-render.ts(1203,66): error TS2322: Type 'string | boolean' is not assignable to type 'string'.
  Type 'boolean' is not assignable to type 'string'.
ui/src/ui/app-render.ts(1221,66): error TS2322: Type 'string | boolean' is not assignable to type 'string'.
  Type 'boolean' is not assignable to type 'string'.
ui/src/ui/app-render.ts(1225,66): error TS2322: Type 'string | boolean' is not assignable to type 'boolean'.
  Type 'string' is not assignable to type 'boolean'.
ui/src/ui/views/cron.ts(262,31): error TS2322: Type 'string' is not assignable to type 'boolean | undefined'.
